<?xml version="1.0" encoding="UTF-8"?>
<!-- Generated by org.testng.reporters.JUnitReportReporter -->
<testsuite hostname="PreetamVarude" failures="0" tests="1" name="com.demo.testCases.AddNewCustomerTest" time="12.916" errors="0" timestamp="21 Aug 2023 08:54:07 GMT" skipped="0">
  <testcase classname="com.demo.testCases.AddNewCustomerTest" name="AddNewCustomer" time="12.916"/>
</testsuite> <!-- com.demo.testCases.AddNewCustomerTest -->
