<?xml version="1.0" encoding="UTF-8"?>
<!-- Generated by org.testng.reporters.JUnitReportReporter -->
<testsuite hostname="PreetamVarude" failures="0" tests="6" name="com.demo.testCases.LoginDDT" time="31.598" errors="0" timestamp="19 Aug 2023 03:34:48 GMT" skipped="0">
  <testcase classname="com.demo.testCases.LoginDDT" name="loginTest" time="4.692"/>
  <testcase classname="com.demo.testCases.LoginDDT" name="loginTest" time="5.040"/>
  <testcase classname="com.demo.testCases.LoginDDT" name="loginTest" time="6.224"/>
  <testcase classname="com.demo.testCases.LoginDDT" name="loginTest" time="5.627"/>
  <testcase classname="com.demo.testCases.LoginDDT" name="loginTest" time="4.801"/>
  <testcase classname="com.demo.testCases.LoginDDT" name="loginTest" time="5.214"/>
</testsuite> <!-- com.demo.testCases.LoginDDT -->
