<?xml version="1.0" encoding="UTF-8"?>
<!-- Generated by org.testng.reporters.JUnitReportReporter -->
<testsuite hostname="PreetamVarude" failures="0" tests="1" name="com.demo.testCases.LoginTest" time="1.511" errors="0" timestamp="19 Aug 2023 03:34:48 GMT" skipped="0">
  <testcase classname="com.demo.testCases.LoginTest" name="loginTest" time="1.511"/>
</testsuite> <!-- com.demo.testCases.LoginTest -->
