<?xml version="1.0" encoding="UTF-8"?>
<!-- Generated by org.testng.reporters.JUnitReportReporter -->
<testsuite hostname="PreetamVarude" failures="0" tests="1" name="selenium.LaunchChrome" time="4.280" errors="0" timestamp="19 Aug 2023 02:20:31 GMT" skipped="0">
  <testcase classname="selenium.LaunchChrome" name="setup" time="4.280"/>
</testsuite> <!-- selenium.LaunchChrome -->
